<?xml version="1.0" encoding="UTF-8"?>
<testng-results ignored="0" total="1" passed="1" failed="0" skipped="0">
  <reporter-output>
  </reporter-output>
  <suite started-at="2021-11-21T14:47:01 IST" name="Default suite" finished-at="2021-11-21T14:47:23 IST" duration-ms="22191">
    <groups>
    </groups>
    <test started-at="2021-11-21T14:47:01 IST" name="Default test" finished-at="2021-11-21T14:47:23 IST" duration-ms="22191">
      <class name="easydiner.SearchRestaurant">
        <test-method signature="RestaurantSearch()[pri:0, instance:easydiner.SearchRestaurant@6e9175d8]" started-at="2021-11-21T14:47:01 IST" name="RestaurantSearch" finished-at="2021-11-21T14:47:23 IST" duration-ms="22140" status="PASS">
          <reporter-output>
          </reporter-output>
        </test-method> <!-- RestaurantSearch -->
      </class> <!-- easydiner.SearchRestaurant -->
    </test> <!-- Default test -->
  </suite> <!-- Default suite -->
</testng-results>
